
> server@1.0.0 dev
> ts-node -r tsconfig-paths/register src/main.ts

[32m[Nest] 7196  - [39m12/18/2025, 10:28:20 PM [32m    LOG[39m [38;5;3m[NestFactory] [39m[32mStarting Nest application...[39m
[32m[Nest] 7196  - [39m12/18/2025, 10:28:20 PM [32m    LOG[39m [38;5;3m[EmailService] [39m[32mSendGrid configured successfully[39m
[32m[Nest] 7196  - [39m12/18/2025, 10:28:20 PM [32m    LOG[39m [38;5;3m[InstanceLoader] [39m[32mPrismaModule dependencies initialized[39m[38;5;3m +3ms[39m
[32m[Nest] 7196  - [39m12/18/2025, 10:28:20 PM [32m    LOG[39m [38;5;3m[InstanceLoader] [39m[32mPassportModule dependencies initialized[39m[38;5;3m +1ms[39m
[32m[Nest] 7196  - [39m12/18/2025, 10:28:20 PM [32m    LOG[39m [38;5;3m[InstanceLoader] [39m[32mConfigHostModule dependencies initialized[39m[38;5;3m +0ms[39m
[32m[Nest] 7196  - [39m12/18/2025, 10:28:20 PM [32m    LOG[39m [38;5;3m[StripeService] [39m[32mStripe service initialized[39m
[32m[Nest] 7196  - [39m12/18/2025, 10:28:20 PM [32m    LOG[39m [38;5;3m[InstanceLoader] [39m[32mAppModule dependencies initialized[39m[38;5;3m +0ms[39m
[32m[Nest] 7196  - [39m12/18/2025, 10:28:20 PM [32m    LOG[39m [38;5;3m[InstanceLoader] [39m[32mEmailModule dependencies initialized[39m[38;5;3m +1ms[39m
[32m[Nest] 7196  - [39m12/18/2025, 10:28:20 PM [32m    LOG[39m [38;5;3m[InstanceLoader] [39m[32mVerificationModule dependencies initialized[39m[38;5;3m +0ms[39m
[32m[Nest] 7196  - [39m12/18/2025, 10:28:20 PM [32m    LOG[39m [38;5;3m[InstanceLoader] [39m[32mConfigModule dependencies initialized[39m[38;5;3m +1ms[39m
[32m[Nest] 7196  - [39m12/18/2025, 10:28:20 PM [32m    LOG[39m [38;5;3m[InstanceLoader] [39m[32mConfigModule dependencies initialized[39m[38;5;3m +0ms[39m
[32m[Nest] 7196  - [39m12/18/2025, 10:28:20 PM [32m    LOG[39m [38;5;3m[InstanceLoader] [39m[32mRedisModule dependencies initialized[39m[38;5;3m +3ms[39m
[32m[Nest] 7196  - [39m12/18/2025, 10:28:20 PM [32m    LOG[39m [38;5;3m[InstanceLoader] [39m[32mS3Module dependencies initialized[39m[38;5;3m +0ms[39m
[32m[Nest] 7196  - [39m12/18/2025, 10:28:20 PM [32m    LOG[39m [38;5;3m[InstanceLoader] [39m[32mThrottlerModule dependencies initialized[39m[38;5;3m +1ms[39m
[32m[Nest] 7196  - [39m12/18/2025, 10:28:20 PM [32m    LOG[39m [38;5;3m[InstanceLoader] [39m[32mJwtModule dependencies initialized[39m[38;5;3m +0ms[39m
[32m[Nest] 7196  - [39m12/18/2025, 10:28:20 PM [32m    LOG[39m [38;5;3m[InstanceLoader] [39m[32mTwofactorModule dependencies initialized[39m[38;5;3m +1ms[39m
[32m[Nest] 7196  - [39m12/18/2025, 10:28:20 PM [32m    LOG[39m [38;5;3m[InstanceLoader] [39m[32mCacheModule dependencies initialized[39m[38;5;3m +1ms[39m
[32m[Nest] 7196  - [39m12/18/2025, 10:28:20 PM [32m    LOG[39m [38;5;3m[InstanceLoader] [39m[32mStripeModule dependencies initialized[39m[38;5;3m +0ms[39m
[32m[Nest] 7196  - [39m12/18/2025, 10:28:20 PM [32m    LOG[39m [38;5;3m[InstanceLoader] [39m[32mBuyerModule dependencies initialized[39m[38;5;3m +0ms[39m
[32m[Nest] 7196  - [39m12/18/2025, 10:28:20 PM [32m    LOG[39m [38;5;3m[InstanceLoader] [39m[32mAnalyticsModule dependencies initialized[39m[38;5;3m +1ms[39m
[32m[Nest] 7196  - [39m12/18/2025, 10:28:20 PM [32m    LOG[39m [38;5;3m[InstanceLoader] [39m[32mEarningsModule dependencies initialized[39m[38;5;3m +0ms[39m
[32m[Nest] 7196  - [39m12/18/2025, 10:28:20 PM [32m    LOG[39m [38;5;3m[InstanceLoader] [39m[32mNotificationsModule dependencies initialized[39m[38;5;3m +0ms[39m
[32m[Nest] 7196  - [39m12/18/2025, 10:28:20 PM [32m    LOG[39m [38;5;3m[InstanceLoader] [39m[32mSuperadminModule dependencies initialized[39m[38;5;3m +0ms[39m
[32m[Nest] 7196  - [39m12/18/2025, 10:28:20 PM [32m    LOG[39m [38;5;3m[InstanceLoader] [39m[32mAdminModule dependencies initialized[39m[38;5;3m +0ms[39m
[32m[Nest] 7196  - [39m12/18/2025, 10:28:20 PM [32m    LOG[39m [38;5;3m[InstanceLoader] [39m[32mVeriffModule dependencies initialized[39m[38;5;3m +0ms[39m
[32m[Nest] 7196  - [39m12/18/2025, 10:28:20 PM [32m    LOG[39m [38;5;3m[InstanceLoader] [39m[32mVeriffModule dependencies initialized[39m[38;5;3m +0ms[39m
[32m[Nest] 7196  - [39m12/18/2025, 10:28:20 PM [32m    LOG[39m [38;5;3m[InstanceLoader] [39m[32mSupportModule dependencies initialized[39m[38;5;3m +0ms[39m
[32m[Nest] 7196  - [39m12/18/2025, 10:28:20 PM [32m    LOG[39m [38;5;3m[InstanceLoader] [39m[32mContentModule dependencies initialized[39m[38;5;3m +0ms[39m
[32m[Nest] 7196  - [39m12/18/2025, 10:28:20 PM [32m    LOG[39m [38;5;3m[InstanceLoader] [39m[32mCreatorsModule dependencies initialized[39m[38;5;3m +0ms[39m
[32m[Nest] 7196  - [39m12/18/2025, 10:28:20 PM [32m    LOG[39m [38;5;3m[InstanceLoader] [39m[32mAuthModule dependencies initialized[39m[38;5;3m +0ms[39m
[32m[Nest] 7196  - [39m12/18/2025, 10:28:20 PM [32m    LOG[39m [38;5;3m[RoutesResolver] [39m[32mAppController {/api}:[39m[38;5;3m +9ms[39m
[32m[Nest] 7196  - [39m12/18/2025, 10:28:20 PM [32m    LOG[39m [38;5;3m[RouterExplorer] [39m[32mMapped {/api, GET} route[39m[38;5;3m +4ms[39m
[32m[Nest] 7196  - [39m12/18/2025, 10:28:20 PM [32m    LOG[39m [38;5;3m[RouterExplorer] [39m[32mMapped {/api/health, GET} route[39m[38;5;3m +1ms[39m
[32m[Nest] 7196  - [39m12/18/2025, 10:28:20 PM [32m    LOG[39m [38;5;3m[RoutesResolver] [39m[32mStripeController {/api/stripe}:[39m[38;5;3m +0ms[39m
[32m[Nest] 7196  - [39m12/18/2025, 10:28:20 PM [32m    LOG[39m [38;5;3m[RouterExplorer] [39m[32mMapped {/api/stripe/config, GET} route[39m[38;5;3m +0ms[39m
[32m[Nest] 7196  - [39m12/18/2025, 10:28:20 PM [32m    LOG[39m [38;5;3m[RouterExplorer] [39m[32mMapped {/api/stripe/webhook, POST} route[39m[38;5;3m +1ms[39m
[32m[Nest] 7196  - [39m12/18/2025, 10:28:20 PM [32m    LOG[39m [38;5;3m[RoutesResolver] [39m[32mAuthController {/api/auth}:[39m[38;5;3m +0ms[39m
[32m[Nest] 7196  - [39m12/18/2025, 10:28:20 PM [32m    LOG[39m [38;5;3m[RouterExplorer] [39m[32mMapped {/api/auth/register, POST} route[39m[38;5;3m +0ms[39m
[32m[Nest] 7196  - [39m12/18/2025, 10:28:20 PM [32m    LOG[39m [38;5;3m[RouterExplorer] [39m[32mMapped {/api/auth/login, POST} route[39m[38;5;3m +1ms[39m
[32m[Nest] 7196  - [39m12/18/2025, 10:28:20 PM [32m    LOG[39m [38;5;3m[RouterExplorer] [39m[32mMapped {/api/auth/refresh, POST} route[39m[38;5;3m +0ms[39m
[32m[Nest] 7196  - [39m12/18/2025, 10:28:20 PM [32m    LOG[39m [38;5;3m[RouterExplorer] [39m[32mMapped {/api/auth/logout, POST} route[39m[38;5;3m +0ms[39m
[32m[Nest] 7196  - [39m12/18/2025, 10:28:20 PM [32m    LOG[39m [38;5;3m[RouterExplorer] [39m[32mMapped {/api/auth/profile, GET} route[39m[38;5;3m +1ms[39m
[32m[Nest] 7196  - [39m12/18/2025, 10:28:20 PM [32m    LOG[39m [38;5;3m[RouterExplorer] [39m[32mMapped {/api/auth/verify-email, POST} route[39m[38;5;3m +0ms[39m
[32m[Nest] 7196  - [39m12/18/2025, 10:28:20 PM [32m    LOG[39m [38;5;3m[RouterExplorer] [39m[32mMapped {/api/auth/resend-verification, POST} route[39m[38;5;3m +0ms[39m
[32m[Nest] 7196  - [39m12/18/2025, 10:28:20 PM [32m    LOG[39m [38;5;3m[RouterExplorer] [39m[32mMapped {/api/auth/forgot-password, POST} route[39m[38;5;3m +1ms[39m
[32m[Nest] 7196  - [39m12/18/2025, 10:28:20 PM [32m    LOG[39m [38;5;3m[RouterExplorer] [39m[32mMapped {/api/auth/reset-password, POST} route[39m[38;5;3m +0ms[39m
[32m[Nest] 7196  - [39m12/18/2025, 10:28:20 PM [32m    LOG[39m [38;5;3m[RouterExplorer] [39m[32mMapped {/api/auth/change-password, POST} route[39m[38;5;3m +0ms[39m
[32m[Nest] 7196  - [39m12/18/2025, 10:28:20 PM [32m    LOG[39m [38;5;3m[RouterExplorer] [39m[32mMapped {/api/auth/2fa/setup, POST} route[39m[38;5;3m +0ms[39m
[32m[Nest] 7196  - [39m12/18/2025, 10:28:20 PM [32m    LOG[39m [38;5;3m[RouterExplorer] [39m[32mMapped {/api/auth/2fa/enable, POST} route[39m[38;5;3m +0ms[39m
[32m[Nest] 7196  - [39m12/18/2025, 10:28:20 PM [32m    LOG[39m [38;5;3m[RouterExplorer] [39m[32mMapped {/api/auth/2fa/verify, POST} route[39m[38;5;3m +1ms[39m
[32m[Nest] 7196  - [39m12/18/2025, 10:28:20 PM [32m    LOG[39m [38;5;3m[RouterExplorer] [39m[32mMapped {/api/auth/2fa/disable, POST} route[39m[38;5;3m +0ms[39m
[32m[Nest] 7196  - [39m12/18/2025, 10:28:20 PM [32m    LOG[39m [38;5;3m[RouterExplorer] [39m[32mMapped {/api/auth/2fa/status, GET} route[39m[38;5;3m +0ms[39m
[32m[Nest] 7196  - [39m12/18/2025, 10:28:20 PM [32m    LOG[39m [38;5;3m[RouterExplorer] [39m[32mMapped {/api/auth/2fa/backup-codes/regenerate, POST} route[39m[38;5;3m +1ms[39m
[32m[Nest] 7196  - [39m12/18/2025, 10:28:20 PM [32m    LOG[39m [38;5;3m[RouterExplorer] [39m[32mMapped {/api/auth/2fa/verify-backup, POST} route[39m[38;5;3m +0ms[39m
[32m[Nest] 7196  - [39m12/18/2025, 10:28:20 PM [32m    LOG[39m [38;5;3m[RouterExplorer] [39m[32mMapped {/api/auth/sessions, GET} route[39m[38;5;3m +0ms[39m
[32m[Nest] 7196  - [39m12/18/2025, 10:28:20 PM [32m    LOG[39m [38;5;3m[RouterExplorer] [39m[32mMapped {/api/auth/sessions/:id, DELETE} route[39m[38;5;3m +1ms[39m
[32m[Nest] 7196  - [39m12/18/2025, 10:28:20 PM [32m    LOG[39m [38;5;3m[RouterExplorer] [39m[32mMapped {/api/auth/sessions, DELETE} route[39m[38;5;3m +0ms[39m
[32m[Nest] 7196  - [39m12/18/2025, 10:28:20 PM [32m    LOG[39m [38;5;3m[RouterExplorer] [39m[32mMapped {/api/auth/profile/update, POST} route[39m[38;5;3m +0ms[39m
[32m[Nest] 7196  - [39m12/18/2025, 10:28:20 PM [32m    LOG[39m [38;5;3m[RouterExplorer] [39m[32mMapped {/api/auth/notifications/preferences, GET} route[39m[38;5;3m +0ms[39m
[32m[Nest] 7196  - [39m12/18/2025, 10:28:20 PM [32m    LOG[39m [38;5;3m[RouterExplorer] [39m[32mMapped {/api/auth/notifications/preferences, POST} route[39m[38;5;3m +0ms[39m
[32m[Nest] 7196  - [39m12/18/2025, 10:28:20 PM [32m    LOG[39m [38;5;3m[RouterExplorer] [39m[32mMapped {/api/auth/account/deactivate, POST} route[39m[38;5;3m +1ms[39m
[32m[Nest] 7196  - [39m12/18/2025, 10:28:20 PM [32m    LOG[39m [38;5;3m[RouterExplorer] [39m[32mMapped {/api/auth/account, DELETE} route[39m[38;5;3m +0ms[39m
[32m[Nest] 7196  - [39m12/18/2025, 10:28:20 PM [32m    LOG[39m [38;5;3m[RoutesResolver] [39m[32mEmailController {/api/email}:[39m[38;5;3m +0ms[39m
[32m[Nest] 7196  - [39m12/18/2025, 10:28:20 PM [32m    LOG[39m [38;5;3m[RouterExplorer] [39m[32mMapped {/api/email/send, POST} route[39m[38;5;3m +0ms[39m
[32m[Nest] 7196  - [39m12/18/2025, 10:28:20 PM [32m    LOG[39m [38;5;3m[RouterExplorer] [39m[32mMapped {/api/email/send-template, POST} route[39m[38;5;3m +0ms[39m
[32m[Nest] 7196  - [39m12/18/2025, 10:28:20 PM [32m    LOG[39m [38;5;3m[RouterExplorer] [39m[32mMapped {/api/email/send-bulk, POST} route[39m[38;5;3m +0ms[39m
[32m[Nest] 7196  - [39m12/18/2025, 10:28:20 PM [32m    LOG[39m [38;5;3m[RouterExplorer] [39m[32mMapped {/api/email/welcome, POST} route[39m[38;5;3m +0ms[39m
[32m[Nest] 7196  - [39m12/18/2025, 10:28:20 PM [32m    LOG[39m [38;5;3m[RouterExplorer] [39m[32mMapped {/api/email/verify, POST} route[39m[38;5;3m +0ms[39m
[32m[Nest] 7196  - [39m12/18/2025, 10:28:20 PM [32m    LOG[39m [38;5;3m[RouterExplorer] [39m[32mMapped {/api/email/password-reset, POST} route[39m[38;5;3m +9ms[39m
[32m[Nest] 7196  - [39m12/18/2025, 10:28:20 PM [32m    LOG[39m [38;5;3m[RouterExplorer] [39m[32mMapped {/api/email/test, POST} route[39m[38;5;3m +1ms[39m
[32m[Nest] 7196  - [39m12/18/2025, 10:28:20 PM [32m    LOG[39m [38;5;3m[RouterExplorer] [39m[32mMapped {/api/email/stats/:days, GET} route[39m[38;5;3m +1ms[39m
[32m[Nest] 7196  - [39m12/18/2025, 10:28:20 PM [32m    LOG[39m [38;5;3m[RouterExplorer] [39m[32mMapped {/api/email/health, GET} route[39m[38;5;3m +1ms[39m
[32m[Nest] 7196  - [39m12/18/2025, 10:28:20 PM [32m    LOG[39m [38;5;3m[RoutesResolver] [39m[32mTwofactorController {/api/2fa}:[39m[38;5;3m +0ms[39m
[32m[Nest] 7196  - [39m12/18/2025, 10:28:20 PM [32m    LOG[39m [38;5;3m[RouterExplorer] [39m[32mMapped {/api/2fa/setup, POST} route[39m[38;5;3m +1ms[39m
[32m[Nest] 7196  - [39m12/18/2025, 10:28:20 PM [32m    LOG[39m [38;5;3m[RouterExplorer] [39m[32mMapped {/api/2fa/enable, POST} route[39m[38;5;3m +0ms[39m
[32m[Nest] 7196  - [39m12/18/2025, 10:28:20 PM [32m    LOG[39m [38;5;3m[RouterExplorer] [39m[32mMapped {/api/2fa/verify, POST} route[39m[38;5;3m +0ms[39m
[32m[Nest] 7196  - [39m12/18/2025, 10:28:20 PM [32m    LOG[39m [38;5;3m[RouterExplorer] [39m[32mMapped {/api/2fa/disable, POST} route[39m[38;5;3m +0ms[39m
[32m[Nest] 7196  - [39m12/18/2025, 10:28:20 PM [32m    LOG[39m [38;5;3m[RouterExplorer] [39m[32mMapped {/api/2fa/status/:userId, GET} route[39m[38;5;3m +1ms[39m
[32m[Nest] 7196  - [39m12/18/2025, 10:28:20 PM [32m    LOG[39m [38;5;3m[RouterExplorer] [39m[32mMapped {/api/2fa/verify-backup, POST} route[39m[38;5;3m +0ms[39m
[32m[Nest] 7196  - [39m12/18/2025, 10:28:20 PM [32m    LOG[39m [38;5;3m[RouterExplorer] [39m[32mMapped {/api/2fa/regenerate-backup-codes, POST} route[39m[38;5;3m +0ms[39m
[32m[Nest] 7196  - [39m12/18/2025, 10:28:20 PM [32m    LOG[39m [38;5;3m[RouterExplorer] [39m[32mMapped {/api/2fa/test/generate-token/:userId, GET} route[39m[38;5;3m +0ms[39m
[32m[Nest] 7196  - [39m12/18/2025, 10:28:20 PM [32m    LOG[39m [38;5;3m[RouterExplorer] [39m[32mMapped {/api/2fa/health, GET} route[39m[38;5;3m +0ms[39m
[32m[Nest] 7196  - [39m12/18/2025, 10:28:20 PM [32m    LOG[39m [38;5;3m[RouterExplorer] [39m[32mMapped {/api/2fa/test/clear-all, POST} route[39m[38;5;3m +0ms[39m
[32m[Nest] 7196  - [39m12/18/2025, 10:28:20 PM [32m    LOG[39m [38;5;3m[RoutesResolver] [39m[32mBuyerController {/api/buyer}:[39m[38;5;3m +0ms[39m
[32m[Nest] 7196  - [39m12/18/2025, 10:28:20 PM [32m    LOG[39m [38;5;3m[RouterExplorer] [39m[32mMapped {/api/buyer/session, POST} route[39m[38;5;3m +0ms[39m
[32m[Nest] 7196  - [39m12/18/2025, 10:28:20 PM [32m    LOG[39m [38;5;3m[RouterExplorer] [39m[32mMapped {/api/buyer/content/:id, GET} route[39m[38;5;3m +0ms[39m
[32m[Nest] 7196  - [39m12/18/2025, 10:28:20 PM [32m    LOG[39m [38;5;3m[RouterExplorer] [39m[32mMapped {/api/buyer/purchase, POST} route[39m[38;5;3m +1ms[39m
[32m[Nest] 7196  - [39m12/18/2025, 10:28:20 PM [32m    LOG[39m [38;5;3m[RouterExplorer] [39m[32mMapped {/api/buyer/purchase/:id, GET} route[39m[38;5;3m +0ms[39m
[32m[Nest] 7196  - [39m12/18/2025, 10:28:20 PM [32m    LOG[39m [38;5;3m[RouterExplorer] [39m[32mMapped {/api/buyer/access, POST} route[39m[38;5;3m +0ms[39m
[32m[Nest] 7196  - [39m12/18/2025, 10:28:20 PM [32m    LOG[39m [38;5;3m[RouterExplorer] [39m[32mMapped {/api/buyer/session/:sessionToken/purchases, GET} route[39m[38;5;3m +0ms[39m
[32m[Nest] 7196  - [39m12/18/2025, 10:28:20 PM [32m    LOG[39m [38;5;3m[RouterExplorer] [39m[32mMapped {/api/buyer/purchase/confirm, POST} route[39m[38;5;3m +0ms[39m
[32m[Nest] 7196  - [39m12/18/2025, 10:28:20 PM [32m    LOG[39m [38;5;3m[RoutesResolver] [39m[32mVerificationController {/api/verification}:[39m[38;5;3m +0ms[39m
[32m[Nest] 7196  - [39m12/18/2025, 10:28:20 PM [32m    LOG[39m [38;5;3m[RouterExplorer] [39m[32mMapped {/api/verification, GET} route[39m[38;5;3m +0ms[39m
[32m[Nest] 7196  - [39m12/18/2025, 10:28:20 PM [32m    LOG[39m [38;5;3m[RoutesResolver] [39m[32mVeriffController {/api/veriff}:[39m[38;5;3m +0ms[39m
[32m[Nest] 7196  - [39m12/18/2025, 10:28:20 PM [32m    LOG[39m [38;5;3m[RouterExplorer] [39m[32mMapped {/api/veriff/sessions, POST} route[39m[38;5;3m +1ms[39m
[32m[Nest] 7196  - [39m12/18/2025, 10:28:20 PM [32m    LOG[39m [38;5;3m[RouterExplorer] [39m[32mMapped {/api/veriff/sessions/:sessionId/decision, GET} route[39m[38;5;3m +0ms[39m
[32m[Nest] 7196  - [39m12/18/2025, 10:28:20 PM [32m    LOG[39m [38;5;3m[RouterExplorer] [39m[32mMapped {/api/veriff/sessions/:sessionId/media, GET} route[39m[38;5;3m +0ms[39m
[32m[Nest] 7196  - [39m12/18/2025, 10:28:20 PM [32m    LOG[39m [38;5;3m[RouterExplorer] [39m[32mMapped {/api/veriff/sessions/:sessionId, PATCH} route[39m[38;5;3m +0ms[39m
[32m[Nest] 7196  - [39m12/18/2025, 10:28:20 PM [32m    LOG[39m [38;5;3m[RouterExplorer] [39m[32mMapped {/api/veriff/sessions/:sessionId, DELETE} route[39m[38;5;3m +0ms[39m
[32m[Nest] 7196  - [39m12/18/2025, 10:28:20 PM [32m    LOG[39m [38;5;3m[RouterExplorer] [39m[32mMapped {/api/veriff/webhooks/decision, POST} route[39m[38;5;3m +0ms[39m
[32m[Nest] 7196  - [39m12/18/2025, 10:28:20 PM [32m    LOG[39m [38;5;3m[RouterExplorer] [39m[32mMapped {/api/veriff/health, GET} route[39m[38;5;3m +0ms[39m
[32m[Nest] 7196  - [39m12/18/2025, 10:28:20 PM [32m    LOG[39m [38;5;3m[RouterExplorer] [39m[32mMapped {/api/veriff/debug/config, GET} route[39m[38;5;3m +1ms[39m
[32m[Nest] 7196  - [39m12/18/2025, 10:28:20 PM [32m    LOG[39m [38;5;3m[RoutesResolver] [39m[32mCreatorsController {/api/creators}:[39m[38;5;3m +0ms[39m
[32m[Nest] 7196  - [39m12/18/2025, 10:28:20 PM [32m    LOG[39m [38;5;3m[RouterExplorer] [39m[32mMapped {/api/creators/verify/initiate, POST} route[39m[38;5;3m +0ms[39m
[32m[Nest] 7196  - [39m12/18/2025, 10:28:20 PM [32m    LOG[39m [38;5;3m[RouterExplorer] [39m[32mMapped {/api/creators/verify/status, GET} route[39m[38;5;3m +0ms[39m
[32m[Nest] 7196  - [39m12/18/2025, 10:28:20 PM [32m    LOG[39m [38;5;3m[RouterExplorer] [39m[32mMapped {/api/creators/payout/setup, POST} route[39m[38;5;3m +1ms[39m
[32m[Nest] 7196  - [39m12/18/2025, 10:28:20 PM [32m    LOG[39m [38;5;3m[RouterExplorer] [39m[32mMapped {/api/creators/payout/info, GET} route[39m[38;5;3m +0ms[39m
[32m[Nest] 7196  - [39m12/18/2025, 10:28:20 PM [32m    LOG[39m [38;5;3m[RoutesResolver] [39m[32mVeriffController {/api/veriff}:[39m[38;5;3m +0ms[39m
[32m[Nest] 7196  - [39m12/18/2025, 10:28:20 PM [32m    LOG[39m [38;5;3m[RouterExplorer] [39m[32mMapped {/api/veriff/sessions, POST} route[39m[38;5;3m +0ms[39m
[32m[Nest] 7196  - [39m12/18/2025, 10:28:20 PM [32m    LOG[39m [38;5;3m[RouterExplorer] [39m[32mMapped {/api/veriff/sessions/:sessionId/decision, GET} route[39m[38;5;3m +1ms[39m
[32m[Nest] 7196  - [39m12/18/2025, 10:28:20 PM [32m    LOG[39m [38;5;3m[RouterExplorer] [39m[32mMapped {/api/veriff/sessions/:sessionId/media, GET} route[39m[38;5;3m +0ms[39m
[32m[Nest] 7196  - [39m12/18/2025, 10:28:20 PM [32m    LOG[39m [38;5;3m[RouterExplorer] [39m[32mMapped {/api/veriff/sessions/:sessionId, PATCH} route[39m[38;5;3m +0ms[39m
[32m[Nest] 7196  - [39m12/18/2025, 10:28:20 PM [32m    LOG[39m [38;5;3m[RouterExplorer] [39m[32mMapped {/api/veriff/sessions/:sessionId, DELETE} route[39m[38;5;3m +0ms[39m
[32m[Nest] 7196  - [39m12/18/2025, 10:28:20 PM [32m    LOG[39m [38;5;3m[RouterExplorer] [39m[32mMapped {/api/veriff/webhooks/decision, POST} route[39m[38;5;3m +0ms[39m
[32m[Nest] 7196  - [39m12/18/2025, 10:28:20 PM [32m    LOG[39m [38;5;3m[RouterExplorer] [39m[32mMapped {/api/veriff/health, GET} route[39m[38;5;3m +0ms[39m
[32m[Nest] 7196  - [39m12/18/2025, 10:28:20 PM [32m    LOG[39m [38;5;3m[RouterExplorer] [39m[32mMapped {/api/veriff/debug/config, GET} route[39m[38;5;3m +0ms[39m
[32m[Nest] 7196  - [39m12/18/2025, 10:28:20 PM [32m    LOG[39m [38;5;3m[RoutesResolver] [39m[32mContentController {/api/content}:[39m[38;5;3m +0ms[39m
[32m[Nest] 7196  - [39m12/18/2025, 10:28:20 PM [32m    LOG[39m [38;5;3m[RouterExplorer] [39m[32mMapped {/api/content, POST} route[39m[38;5;3m +0ms[39m
[32m[Nest] 7196  - [39m12/18/2025, 10:28:20 PM [32m    LOG[39m [38;5;3m[RouterExplorer] [39m[32mMapped {/api/content/my-content, GET} route[39m[38;5;3m +0ms[39m
[32m[Nest] 7196  - [39m12/18/2025, 10:28:20 PM [32m    LOG[39m [38;5;3m[RouterExplorer] [39m[32mMapped {/api/content/stats, GET} route[39m[38;5;3m +1ms[39m
[32m[Nest] 7196  - [39m12/18/2025, 10:28:20 PM [32m    LOG[39m [38;5;3m[RouterExplorer] [39m[32mMapped {/api/content/:id, GET} route[39m[38;5;3m +0ms[39m
[32m[Nest] 7196  - [39m12/18/2025, 10:28:20 PM [32m    LOG[39m [38;5;3m[RouterExplorer] [39m[32mMapped {/api/content/:id, DELETE} route[39m[38;5;3m +0ms[39m
[32m[Nest] 7196  - [39m12/18/2025, 10:28:20 PM [32m    LOG[39m [38;5;3m[RoutesResolver] [39m[32mSupportController {/api/support}:[39m[38;5;3m +0ms[39m
[32m[Nest] 7196  - [39m12/18/2025, 10:28:20 PM [32m    LOG[39m [38;5;3m[RouterExplorer] [39m[32mMapped {/api/support/tickets, POST} route[39m[38;5;3m +0ms[39m
[32m[Nest] 7196  - [39m12/18/2025, 10:28:20 PM [32m    LOG[39m [38;5;3m[RouterExplorer] [39m[32mMapped {/api/support/tickets, GET} route[39m[38;5;3m +0ms[39m
[32m[Nest] 7196  - [39m12/18/2025, 10:28:20 PM [32m    LOG[39m [38;5;3m[RouterExplorer] [39m[32mMapped {/api/support/tickets/:id, GET} route[39m[38;5;3m +0ms[39m
[32m[Nest] 7196  - [39m12/18/2025, 10:28:20 PM [32m    LOG[39m [38;5;3m[RoutesResolver] [39m[32mAnalyticsController {/api/analytics}:[39m[38;5;3m +0ms[39m
[32m[Nest] 7196  - [39m12/18/2025, 10:28:20 PM [32m    LOG[39m [38;5;3m[RouterExplorer] [39m[32mMapped {/api/analytics/overview, GET} route[39m[38;5;3m +0ms[39m
[32m[Nest] 7196  - [39m12/18/2025, 10:28:20 PM [32m    LOG[39m [38;5;3m[RouterExplorer] [39m[32mMapped {/api/analytics/trends, GET} route[39m[38;5;3m +0ms[39m
[32m[Nest] 7196  - [39m12/18/2025, 10:28:20 PM [32m    LOG[39m [38;5;3m[RouterExplorer] [39m[32mMapped {/api/analytics/content-performance, GET} route[39m[38;5;3m +1ms[39m
[32m[Nest] 7196  - [39m12/18/2025, 10:28:20 PM [32m    LOG[39m [38;5;3m[RouterExplorer] [39m[32mMapped {/api/analytics/demographics, GET} route[39m[38;5;3m +0ms[39m
[32m[Nest] 7196  - [39m12/18/2025, 10:28:20 PM [32m    LOG[39m [38;5;3m[RouterExplorer] [39m[32mMapped {/api/analytics/demographics/geographic, GET} route[39m[38;5;3m +0ms[39m
[32m[Nest] 7196  - [39m12/18/2025, 10:28:20 PM [32m    LOG[39m [38;5;3m[RouterExplorer] [39m[32mMapped {/api/analytics/demographics/devices, GET} route[39m[38;5;3m +0ms[39m
[32m[Nest] 7196  - [39m12/18/2025, 10:28:20 PM [32m    LOG[39m [38;5;3m[RouterExplorer] [39m[32mMapped {/api/analytics/demographics/browsers, GET} route[39m[38;5;3m +0ms[39m
[32m[Nest] 7196  - [39m12/18/2025, 10:28:20 PM [32m    LOG[39m [38;5;3m[RouterExplorer] [39m[32mMapped {/api/analytics/view/:contentId, POST} route[39m[38;5;3m +0ms[39m
[32m[Nest] 7196  - [39m12/18/2025, 10:28:20 PM [32m    LOG[39m [38;5;3m[RoutesResolver] [39m[32mEarningsController {/api/earnings}:[39m[38;5;3m +0ms[39m
[32m[Nest] 7196  - [39m12/18/2025, 10:28:20 PM [32m    LOG[39m [38;5;3m[RouterExplorer] [39m[32mMapped {/api/earnings/balance, GET} route[39m[38;5;3m +0ms[39m
[32m[Nest] 7196  - [39m12/18/2025, 10:28:20 PM [32m    LOG[39m [38;5;3m[RouterExplorer] [39m[32mMapped {/api/earnings/payouts, GET} route[39m[38;5;3m +0ms[39m
[32m[Nest] 7196  - [39m12/18/2025, 10:28:20 PM [32m    LOG[39m [38;5;3m[RouterExplorer] [39m[32mMapped {/api/earnings/transactions, GET} route[39m[38;5;3m +1ms[39m
[32m[Nest] 7196  - [39m12/18/2025, 10:28:20 PM [32m    LOG[39m [38;5;3m[RoutesResolver] [39m[32mNotificationsController {/api/notifications}:[39m[38;5;3m +0ms[39m
[32m[Nest] 7196  - [39m12/18/2025, 10:28:20 PM [32m    LOG[39m [38;5;3m[RouterExplorer] [39m[32mMapped {/api/notifications, GET} route[39m[38;5;3m +0ms[39m
[32m[Nest] 7196  - [39m12/18/2025, 10:28:20 PM [32m    LOG[39m [38;5;3m[RouterExplorer] [39m[32mMapped {/api/notifications/stats, GET} route[39m[38;5;3m +0ms[39m
[32m[Nest] 7196  - [39m12/18/2025, 10:28:20 PM [32m    LOG[39m [38;5;3m[RouterExplorer] [39m[32mMapped {/api/notifications/:id/read, PATCH} route[39m[38;5;3m +0ms[39m
[32m[Nest] 7196  - [39m12/18/2025, 10:28:20 PM [32m    LOG[39m [38;5;3m[RouterExplorer] [39m[32mMapped {/api/notifications/read-all, PATCH} route[39m[38;5;3m +0ms[39m
[32m[Nest] 7196  - [39m12/18/2025, 10:28:20 PM [32m    LOG[39m [38;5;3m[RouterExplorer] [39m[32mMapped {/api/notifications/read, DELETE} route[39m[38;5;3m +0ms[39m
[32m[Nest] 7196  - [39m12/18/2025, 10:28:20 PM [32m    LOG[39m [38;5;3m[RouterExplorer] [39m[32mMapped {/api/notifications/:id, DELETE} route[39m[38;5;3m +0ms[39m
[32m[Nest] 7196  - [39m12/18/2025, 10:28:20 PM [32m    LOG[39m [38;5;3m[RouterExplorer] [39m[32mMapped {/api/notifications/admin/all, GET} route[39m[38;5;3m +1ms[39m
[32m[Nest] 7196  - [39m12/18/2025, 10:28:20 PM [32m    LOG[39m [38;5;3m[RouterExplorer] [39m[32mMapped {/api/notifications/admin/stats, GET} route[39m[38;5;3m +0ms[39m
[32m[Nest] 7196  - [39m12/18/2025, 10:28:20 PM [32m    LOG[39m [38;5;3m[RouterExplorer] [39m[32mMapped {/api/notifications/admin/create, POST} route[39m[38;5;3m +0ms[39m
[32m[Nest] 7196  - [39m12/18/2025, 10:28:20 PM [32m    LOG[39m [38;5;3m[RouterExplorer] [39m[32mMapped {/api/notifications/admin/send-multiple, POST} route[39m[38;5;3m +0ms[39m
[32m[Nest] 7196  - [39m12/18/2025, 10:28:20 PM [32m    LOG[39m [38;5;3m[RouterExplorer] [39m[32mMapped {/api/notifications/admin/broadcast, POST} route[39m[38;5;3m +0ms[39m
[32m[Nest] 7196  - [39m12/18/2025, 10:28:20 PM [32m    LOG[39m [38;5;3m[RouterExplorer] [39m[32mMapped {/api/notifications/admin/:id, DELETE} route[39m[38;5;3m +0ms[39m
[32m[Nest] 7196  - [39m12/18/2025, 10:28:20 PM [32m    LOG[39m [38;5;3m[RouterExplorer] [39m[32mMapped {/api/notifications/admin/bulk, DELETE} route[39m[38;5;3m +0ms[39m
[32m[Nest] 7196  - [39m12/18/2025, 10:28:20 PM [32m    LOG[39m [38;5;3m[RouterExplorer] [39m[32mMapped {/api/notifications/admin/user/:userId, DELETE} route[39m[38;5;3m +1ms[39m
[32m[Nest] 7196  - [39m12/18/2025, 10:28:20 PM [32m    LOG[39m [38;5;3m[RouterExplorer] [39m[32mMapped {/api/notifications/admin/user/:userId, GET} route[39m[38;5;3m +0ms[39m
[32m[Nest] 7196  - [39m12/18/2025, 10:28:20 PM [32m    LOG[39m [38;5;3m[RouterExplorer] [39m[32mMapped {/api/notifications/admin/types, GET} route[39m[38;5;3m +0ms[39m
[32m[Nest] 7196  - [39m12/18/2025, 10:28:20 PM [32m    LOG[39m [38;5;3m[RoutesResolver] [39m[32mSuperadminController {/api/superadmin}:[39m[38;5;3m +0ms[39m
[32m[Nest] 7196  - [39m12/18/2025, 10:28:20 PM [32m    LOG[39m [38;5;3m[RouterExplorer] [39m[32mMapped {/api/superadmin/admins, GET} route[39m[38;5;3m +0ms[39m
[32m[Nest] 7196  - [39m12/18/2025, 10:28:20 PM [32m    LOG[39m [38;5;3m[RouterExplorer] [39m[32mMapped {/api/superadmin/admins/:id, GET} route[39m[38;5;3m +0ms[39m
[32m[Nest] 7196  - [39m12/18/2025, 10:28:20 PM [32m    LOG[39m [38;5;3m[RouterExplorer] [39m[32mMapped {/api/superadmin/admins, POST} route[39m[38;5;3m +0ms[39m
[32m[Nest] 7196  - [39m12/18/2025, 10:28:20 PM [32m    LOG[39m [38;5;3m[RouterExplorer] [39m[32mMapped {/api/superadmin/admins/:id, PUT} route[39m[38;5;3m +0ms[39m
[32m[Nest] 7196  - [39m12/18/2025, 10:28:20 PM [32m    LOG[39m [38;5;3m[RouterExplorer] [39m[32mMapped {/api/superadmin/admins/:id, DELETE} route[39m[38;5;3m +1ms[39m
[32m[Nest] 7196  - [39m12/18/2025, 10:28:20 PM [32m    LOG[39m [38;5;3m[RouterExplorer] [39m[32mMapped {/api/superadmin/admins/:id/force-password-reset, POST} route[39m[38;5;3m +0ms[39m
[32m[Nest] 7196  - [39m12/18/2025, 10:28:20 PM [32m    LOG[39m [38;5;3m[RouterExplorer] [39m[32mMapped {/api/superadmin/admins/:id/activity, GET} route[39m[38;5;3m +0ms[39m
[32m[Nest] 7196  - [39m12/18/2025, 10:28:20 PM [32m    LOG[39m [38;5;3m[RoutesResolver] [39m[32mCreatorsController {/api/superadmin/creators}:[39m[38;5;3m +0ms[39m
[32m[Nest] 7196  - [39m12/18/2025, 10:28:20 PM [32m    LOG[39m [38;5;3m[RouterExplorer] [39m[32mMapped {/api/superadmin/creators, GET} route[39m[38;5;3m +1ms[39m
[32m[Nest] 7196  - [39m12/18/2025, 10:28:20 PM [32m    LOG[39m [38;5;3m[RouterExplorer] [39m[32mMapped {/api/superadmin/creators/stats, GET} route[39m[38;5;3m +0ms[39m
[32m[Nest] 7196  - [39m12/18/2025, 10:28:20 PM [32m    LOG[39m [38;5;3m[RouterExplorer] [39m[32mMapped {/api/superadmin/creators/:id, GET} route[39m[38;5;3m +0ms[39m
[32m[Nest] 7196  - [39m12/18/2025, 10:28:20 PM [32m    LOG[39m [38;5;3m[RouterExplorer] [39m[32mMapped {/api/superadmin/creators/:id, PUT} route[39m[38;5;3m +0ms[39m
[32m[Nest] 7196  - [39m12/18/2025, 10:28:20 PM [32m    LOG[39m [38;5;3m[RouterExplorer] [39m[32mMapped {/api/superadmin/creators/:id/strike, POST} route[39m[38;5;3m +0ms[39m
[32m[Nest] 7196  - [39m12/18/2025, 10:28:20 PM [32m    LOG[39m [38;5;3m[RouterExplorer] [39m[32mMapped {/api/superadmin/creators/:id/suspend, POST} route[39m[38;5;3m +0ms[39m
[32m[Nest] 7196  - [39m12/18/2025, 10:28:20 PM [32m    LOG[39m [38;5;3m[RouterExplorer] [39m[32mMapped {/api/superadmin/creators/:id/reactivate, POST} route[39m[38;5;3m +0ms[39m
[32m[Nest] 7196  - [39m12/18/2025, 10:28:20 PM [32m    LOG[39m [38;5;3m[RoutesResolver] [39m[32mContentController {/api/superadmin/content}:[39m[38;5;3m +0ms[39m
[32m[Nest] 7196  - [39m12/18/2025, 10:28:20 PM [32m    LOG[39m [38;5;3m[RouterExplorer] [39m[32mMapped {/api/superadmin/content, GET} route[39m[38;5;3m +0ms[39m
[32m[Nest] 7196  - [39m12/18/2025, 10:28:20 PM [32m    LOG[39m [38;5;3m[RouterExplorer] [39m[32mMapped {/api/superadmin/content/stats, GET} route[39m[38;5;3m +1ms[39m
[32m[Nest] 7196  - [39m12/18/2025, 10:28:20 PM [32m    LOG[39m [38;5;3m[RouterExplorer] [39m[32mMapped {/api/superadmin/content/:id, GET} route[39m[38;5;3m +0ms[39m
[32m[Nest] 7196  - [39m12/18/2025, 10:28:20 PM [32m    LOG[39m [38;5;3m[RouterExplorer] [39m[32mMapped {/api/superadmin/content/:id, PUT} route[39m[38;5;3m +0ms[39m
[32m[Nest] 7196  - [39m12/18/2025, 10:28:20 PM [32m    LOG[39m [38;5;3m[RouterExplorer] [39m[32mMapped {/api/superadmin/content/:id/review, POST} route[39m[38;5;3m +0ms[39m
[32m[Nest] 7196  - [39m12/18/2025, 10:28:20 PM [32m    LOG[39m [38;5;3m[RouterExplorer] [39m[32mMapped {/api/superadmin/content/:id/remove, POST} route[39m[38;5;3m +0ms[39m
[32m[Nest] 7196  - [39m12/18/2025, 10:28:20 PM [32m    LOG[39m [38;5;3m[RoutesResolver] [39m[32mFinancialReportsController {/api/superadmin/financial-reports}:[39m[38;5;3m +0ms[39m
[32m[Nest] 7196  - [39m12/18/2025, 10:28:20 PM [32m    LOG[39m [38;5;3m[RouterExplorer] [39m[32mMapped {/api/superadmin/financial-reports/overview, GET} route[39m[38;5;3m +0ms[39m
[32m[Nest] 7196  - [39m12/18/2025, 10:28:20 PM [32m    LOG[39m [38;5;3m[RouterExplorer] [39m[32mMapped {/api/superadmin/financial-reports/revenue, GET} route[39m[38;5;3m +0ms[39m
[32m[Nest] 7196  - [39m12/18/2025, 10:28:20 PM [32m    LOG[39m [38;5;3m[RouterExplorer] [39m[32mMapped {/api/superadmin/financial-reports/payouts, GET} route[39m[38;5;3m +1ms[39m
[32m[Nest] 7196  - [39m12/18/2025, 10:28:20 PM [32m    LOG[39m [38;5;3m[RouterExplorer] [39m[32mMapped {/api/superadmin/financial-reports/analytics, GET} route[39m[38;5;3m +0ms[39m
[32m[Nest] 7196  - [39m12/18/2025, 10:28:20 PM [32m    LOG[39m [38;5;3m[RouterExplorer] [39m[32mMapped {/api/superadmin/financial-reports/payout-stats, GET} route[39m[38;5;3m +0ms[39m
[32m[Nest] 7196  - [39m12/18/2025, 10:28:20 PM [32m    LOG[39m [38;5;3m[RouterExplorer] [39m[32mMapped {/api/superadmin/financial-reports/creator-earnings, GET} route[39m[38;5;3m +0ms[39m
[32m[Nest] 7196  - [39m12/18/2025, 10:28:20 PM [32m    LOG[39m [38;5;3m[RoutesResolver] [39m[32mSettingsController {/api/superadmin/settings}:[39m[38;5;3m +0ms[39m
[32m[Nest] 7196  - [39m12/18/2025, 10:28:20 PM [32m    LOG[39m [38;5;3m[RouterExplorer] [39m[32mMapped {/api/superadmin/settings/initialize, POST} route[39m[38;5;3m +0ms[39m
[32m[Nest] 7196  - [39m12/18/2025, 10:28:20 PM [32m    LOG[39m [38;5;3m[RouterExplorer] [39m[32mMapped {/api/superadmin/settings, GET} route[39m[38;5;3m +0ms[39m
[32m[Nest] 7196  - [39m12/18/2025, 10:28:20 PM [32m    LOG[39m [38;5;3m[RouterExplorer] [39m[32mMapped {/api/superadmin/settings/public, GET} route[39m[38;5;3m +0ms[39m
[32m[Nest] 7196  - [39m12/18/2025, 10:28:20 PM [32m    LOG[39m [38;5;3m[RouterExplorer] [39m[32mMapped {/api/superadmin/settings/:key, GET} route[39m[38;5;3m +0ms[39m
[32m[Nest] 7196  - [39m12/18/2025, 10:28:20 PM [32m    LOG[39m [38;5;3m[RouterExplorer] [39m[32mMapped {/api/superadmin/settings, POST} route[39m[38;5;3m +1ms[39m
[32m[Nest] 7196  - [39m12/18/2025, 10:28:20 PM [32m    LOG[39m [38;5;3m[RouterExplorer] [39m[32mMapped {/api/superadmin/settings/bulk, PUT} route[39m[38;5;3m +0ms[39m
[32m[Nest] 7196  - [39m12/18/2025, 10:28:20 PM [32m    LOG[39m [38;5;3m[RouterExplorer] [39m[32mMapped {/api/superadmin/settings/:key, PUT} route[39m[38;5;3m +0ms[39m
[32m[Nest] 7196  - [39m12/18/2025, 10:28:20 PM [32m    LOG[39m [38;5;3m[RouterExplorer] [39m[32mMapped {/api/superadmin/settings/:key, DELETE} route[39m[38;5;3m +0ms[39m
[32m[Nest] 7196  - [39m12/18/2025, 10:28:20 PM [32m    LOG[39m [38;5;3m[RouterExplorer] [39m[32mMapped {/api/superadmin/settings/reset, POST} route[39m[38;5;3m +1ms[39m
[32m[Nest] 7196  - [39m12/18/2025, 10:28:20 PM [32m    LOG[39m [38;5;3m[RoutesResolver] [39m[32mAdminController {/api/admin}:[39m[38;5;3m +0ms[39m
[32m[Nest] 7196  - [39m12/18/2025, 10:28:20 PM [32m    LOG[39m [38;5;3m[RouterExplorer] [39m[32mMapped {/api/admin/dashboard/stats, GET} route[39m[38;5;3m +0ms[39m
[32m[Nest] 7196  - [39m12/18/2025, 10:28:20 PM [32m    LOG[39m [38;5;3m[RouterExplorer] [39m[32mMapped {/api/admin/dashboard/revenue, GET} route[39m[38;5;3m +0ms[39m
[32m[Nest] 7196  - [39m12/18/2025, 10:28:20 PM [32m    LOG[39m [38;5;3m[RouterExplorer] [39m[32mMapped {/api/admin/dashboard/activity, GET} route[39m[38;5;3m +0ms[39m
[32m[Nest] 7196  - [39m12/18/2025, 10:28:20 PM [32m    LOG[39m [38;5;3m[RoutesResolver] [39m[32mCreatorsController {/api/admin/creators}:[39m[38;5;3m +1ms[39m
[32m[Nest] 7196  - [39m12/18/2025, 10:28:20 PM [32m    LOG[39m [38;5;3m[RouterExplorer] [39m[32mMapped {/api/admin/creators, GET} route[39m[38;5;3m +0ms[39m
[32m[Nest] 7196  - [39m12/18/2025, 10:28:20 PM [32m    LOG[39m [38;5;3m[RouterExplorer] [39m[32mMapped {/api/admin/creators/stats, GET} route[39m[38;5;3m +0ms[39m
[32m[Nest] 7196  - [39m12/18/2025, 10:28:20 PM [32m    LOG[39m [38;5;3m[RouterExplorer] [39m[32mMapped {/api/admin/creators/:id, GET} route[39m[38;5;3m +0ms[39m
[32m[Nest] 7196  - [39m12/18/2025, 10:28:20 PM [32m    LOG[39m [38;5;3m[RoutesResolver] [39m[32mContentController {/api/admin/content}:[39m[38;5;3m +0ms[39m
[32m[Nest] 7196  - [39m12/18/2025, 10:28:20 PM [32m    LOG[39m [38;5;3m[RouterExplorer] [39m[32mMapped {/api/admin/content, GET} route[39m[38;5;3m +1ms[39m
[32m[Nest] 7196  - [39m12/18/2025, 10:28:20 PM [32m    LOG[39m [38;5;3m[RouterExplorer] [39m[32mMapped {/api/admin/content/stats, GET} route[39m[38;5;3m +0ms[39m
[32m[Nest] 7196  - [39m12/18/2025, 10:28:20 PM [32m    LOG[39m [38;5;3m[RouterExplorer] [39m[32mMapped {/api/admin/content/:id, GET} route[39m[38;5;3m +0ms[39m
[32m[Nest] 7196  - [39m12/18/2025, 10:28:20 PM [32m    LOG[39m [38;5;3m[RouterExplorer] [39m[32mMapped {/api/admin/content/:id/review, POST} route[39m[38;5;3m +0ms[39m
[32m[Nest] 7196  - [39m12/18/2025, 10:28:20 PM [32m    LOG[39m [38;5;3m[RouterExplorer] [39m[32mMapped {/api/admin/content/:id/flag, POST} route[39m[38;5;3m +0ms[39m
[32m[Nest] 7196  - [39m12/18/2025, 10:28:20 PM [32m    LOG[39m [38;5;3m[RouterExplorer] [39m[32mMapped {/api/admin/content/:id/remove, POST} route[39m[38;5;3m +0ms[39m
[32m[Nest] 7196  - [39m12/18/2025, 10:28:20 PM [32m    LOG[39m [38;5;3m[RoutesResolver] [39m[32mPaymentsController {/api/admin/payments}:[39m[38;5;3m +0ms[39m
[32m[Nest] 7196  - [39m12/18/2025, 10:28:20 PM [32m    LOG[39m [38;5;3m[RouterExplorer] [39m[32mMapped {/api/admin/payments/stats, GET} route[39m[38;5;3m +1ms[39m
[32m[Nest] 7196  - [39m12/18/2025, 10:28:20 PM [32m    LOG[39m [38;5;3m[RouterExplorer] [39m[32mMapped {/api/admin/payments/transactions, GET} route[39m[38;5;3m +0ms[39m
[32m[Nest] 7196  - [39m12/18/2025, 10:28:20 PM [32m    LOG[39m [38;5;3m[RouterExplorer] [39m[32mMapped {/api/admin/payments/transactions/:id, GET} route[39m[38;5;3m +0ms[39m
[32m[Nest] 7196  - [39m12/18/2025, 10:28:20 PM [32m    LOG[39m [38;5;3m[RouterExplorer] [39m[32mMapped {/api/admin/payments/payouts, GET} route[39m[38;5;3m +0ms[39m
[32m[Nest] 7196  - [39m12/18/2025, 10:28:20 PM [32m    LOG[39m [38;5;3m[RouterExplorer] [39m[32mMapped {/api/admin/payments/payouts/process, POST} route[39m[38;5;3m +0ms[39m
[32m[Nest] 7196  - [39m12/18/2025, 10:28:20 PM [32m    LOG[39m [38;5;3m[RouterExplorer] [39m[32mMapped {/api/admin/payments/revenue-chart, GET} route[39m[38;5;3m +0ms[39m
[32m[Nest] 7196  - [39m12/18/2025, 10:28:20 PM [32m    LOG[39m [38;5;3m[RoutesResolver] [39m[32mSupportController {/api/admin/support}:[39m[38;5;3m +0ms[39m
[32m[Nest] 7196  - [39m12/18/2025, 10:28:20 PM [32m    LOG[39m [38;5;3m[RouterExplorer] [39m[32mMapped {/api/admin/support/stats, GET} route[39m[38;5;3m +1ms[39m
[32m[Nest] 7196  - [39m12/18/2025, 10:28:20 PM [32m    LOG[39m [38;5;3m[RouterExplorer] [39m[32mMapped {/api/admin/support/tickets, GET} route[39m[38;5;3m +0ms[39m
[32m[Nest] 7196  - [39m12/18/2025, 10:28:20 PM [32m    LOG[39m [38;5;3m[RouterExplorer] [39m[32mMapped {/api/admin/support/tickets/:id, GET} route[39m[38;5;3m +0ms[39m
[32m[Nest] 7196  - [39m12/18/2025, 10:28:20 PM [32m    LOG[39m [38;5;3m[RouterExplorer] [39m[32mMapped {/api/admin/support/tickets/:id/status, PUT} route[39m[38;5;3m +0ms[39m
[32m[Nest] 7196  - [39m12/18/2025, 10:28:20 PM [32m    LOG[39m [38;5;3m[RouterExplorer] [39m[32mMapped {/api/admin/support/tickets/:id/priority, PUT} route[39m[38;5;3m +0ms[39m
[32m[Nest] 7196  - [39m12/18/2025, 10:28:20 PM [32m    LOG[39m [38;5;3m[RouterExplorer] [39m[32mMapped {/api/admin/support/tickets/:id/assign, PUT} route[39m[38;5;3m +0ms[39m
[32m[Nest] 7196  - [39m12/18/2025, 10:28:20 PM [32m    LOG[39m [38;5;3m[RouterExplorer] [39m[32mMapped {/api/admin/support/tickets/:id, DELETE} route[39m[38;5;3m +0ms[39m
[32m[Nest] 7196  - [39m12/18/2025, 10:28:20 PM [32m    LOG[39m [38;5;3m[RoutesResolver] [39m[32mNotificationsController {/api/admin/notifications}:[39m[38;5;3m +0ms[39m
[32m[Nest] 7196  - [39m12/18/2025, 10:28:20 PM [32m    LOG[39m [38;5;3m[RouterExplorer] [39m[32mMapped {/api/admin/notifications/stats, GET} route[39m[38;5;3m +0ms[39m
[32m[Nest] 7196  - [39m12/18/2025, 10:28:20 PM [32m    LOG[39m [38;5;3m[RouterExplorer] [39m[32mMapped {/api/admin/notifications, GET} route[39m[38;5;3m +0ms[39m
[32m[Nest] 7196  - [39m12/18/2025, 10:28:20 PM [32m    LOG[39m [38;5;3m[RouterExplorer] [39m[32mMapped {/api/admin/notifications/:id, GET} route[39m[38;5;3m +1ms[39m
[32m[Nest] 7196  - [39m12/18/2025, 10:28:20 PM [32m    LOG[39m [38;5;3m[RouterExplorer] [39m[32mMapped {/api/admin/notifications, POST} route[39m[38;5;3m +0ms[39m
[32m[Nest] 7196  - [39m12/18/2025, 10:28:20 PM [32m    LOG[39m [38;5;3m[RouterExplorer] [39m[32mMapped {/api/admin/notifications/broadcast, POST} route[39m[38;5;3m +0ms[39m
[32m[Nest] 7196  - [39m12/18/2025, 10:28:20 PM [32m    LOG[39m [38;5;3m[RouterExplorer] [39m[32mMapped {/api/admin/notifications/:id/read, PUT} route[39m[38;5;3m +0ms[39m
[32m[Nest] 7196  - [39m12/18/2025, 10:28:20 PM [32m    LOG[39m [38;5;3m[RouterExplorer] [39m[32mMapped {/api/admin/notifications/read-all, PUT} route[39m[38;5;3m +0ms[39m
[32m[Nest] 7196  - [39m12/18/2025, 10:28:20 PM [32m    LOG[39m [38;5;3m[RouterExplorer] [39m[32mMapped {/api/admin/notifications/:id, DELETE} route[39m[38;5;3m +0ms[39m
[32m[Nest] 7196  - [39m12/18/2025, 10:28:20 PM [32m    LOG[39m [38;5;3m[RouterExplorer] [39m[32mMapped {/api/admin/notifications, DELETE} route[39m[38;5;3m +0ms[39m
Prisma connected to database
[32m[Nest] 7196  - [39m12/18/2025, 10:28:20 PM [32m    LOG[39m [38;5;3m[NestApplication] [39m[32mNest application successfully started[39m[38;5;3m +61ms[39m
🚀 Server running on http://localhost:8000
📚 API Documentation: http://localhost:8000/api
🔒 CORS allowed origins: http://localhost:3000
[33m[Nest] 7196  - [39m12/18/2025, 10:28:20 PM [33m   WARN[39m [38;5;3m[RedisService] [39m[33mRedis is unavailable - continuing without caching. Error: [39m
[33m[Nest] 7196  - [39m12/18/2025, 10:28:20 PM [33m   WARN[39m [38;5;3m[RedisService] [39m[33mRedis is unavailable - application will continue without caching[39m
